Arguments: 
  /usr/local/bin/node /usr/local/Cellar/yarn/1.13.0/libexec/bin/yarn.js add -D typescript@~3.4.0

PATH: 
  /usr/local/bin:/usr/bin:/bin:/usr/sbin:/sbin:/Users/yara/Library/Android/sdk/emulator:/Users/yara/Library/Android/sdk/tools:/Users/yara/Library/Android/sdk/tools/bin:/Users/yara/Library/Android/sdk/platform-tools:/Users/yara/Library/Android/sdk/emulator:/Users/yara/Library/Android/sdk/tools:/Users/yara/Library/Android/sdk/tools/bin:/Users/yara/Library/Android/sdk/platform-tools

Yarn version: 
  1.13.0

Node version: 
  10.15.1

Platform: 
  darwin x64

Trace: 
  Error: EACCES: permission denied, mkdir '/Users/yara/Desktop/ProjetMobile/projetangular/node_modules/@angular-devkit/build-angular/node_modules/ajv'

npm manifest: 
  {
    "name": "projetangular",
    "version": "0.0.1",
    "license": "MIT",
    "scripts": {
      "ng": "ng",
      "start": "ng serve",
      "build": "ng build",
      "test": "ng test",
      "lint": "ng lint",
      "e2e": "ng e2e"
    },
    "private": true,
    "dependencies": {
      "@angular/animations": "^4.0.0",
      "@angular/common": "^4.0.0",
      "@angular/compiler": "^4.0.0",
      "@angular/core": "^4.0.0",
      "@angular/forms": "^4.0.0",
      "@angular/http": "^4.0.0",
      "@angular/material": "^8.0.2",
      "@angular/platform-browser": "^4.0.0",
      "@angular/platform-browser-dynamic": "^4.0.0",
      "@angular/router": "^4.0.0",
      "@ng-bootstrap/ng-bootstrap": "^1.0.0-beta.6",
      "and": "0.0.3",
      "angular-material": "^1.1.8",
      "angular2-datatable": "^0.6.0",
      "angular2-google-chart": "^2.3.0",
      "angular2-jwt": "^0.2.3",
      "angular4-fusioncharts": "^1.0.0",
      "auth0-lock": "^11.5.2",
      "bootstrap": "^4.3.1",
      "chart.js": "^2.7.2",
      "core-js": "^2.4.1",
      "jspdf": "^1.3.5",
      "jwt-decode": "^2.2.0",
      "ng2-checkboxlist": "^1.1.1",
      "ng2-select": "^2.0.0",
      "ng2-toastr": "^4.1.2",
      "ngx-mat-select-search": "^1.7.6",
      "npm": "^6.10.0",
      "rxjs": "^5.4.1",
      "zone.js": "^0.8.14"
    },
    "devDependencies": {
      "@angular-devkit/build-angular": "^0.801.0",
      "@angular/cli": "^8.1.0",
      "@angular/compiler-cli": "^4.4.6",
      "@angular/language-service": "^4.0.0",
      "@types/jasmine": "~2.5.53",
      "@types/jasminewd2": "~2.0.2",
      "@types/jspdf": "^1.1.31",
      "@types/node": "~6.0.60",
      "codelyzer": "~3.0.1",
      "jasmine-core": "~2.6.2",
      "jasmine-spec-reporter": "~4.1.0",
      "karma": "^4.1.0",
      "karma-chrome-launcher": "~2.1.1",
      "karma-cli": "~1.0.1",
      "karma-coverage-istanbul-reporter": "^1.2.1",
      "karma-jasmine": "~1.1.0",
      "karma-jasmine-html-reporter": "^0.2.2",
      "node-sass": "^4.12.0",
      "protractor": "^6.0.0",
      "ts-node": "~3.0.4",
      "tslint": "~5.3.2",
      "typescript": "~2.3.3"
    }
  }

yarn manifest: 
  No manifest

Lockfile: 
  No lockfile
